-------------------------------------------------------------------------------
Test set: TestSuite
-------------------------------------------------------------------------------
Tests run: 1, Failures: 1, Errors: 0, Skipped: 0, Time elapsed: 0.718 sec <<< FAILURE!
testSomeMethod(Test.ViajeTestNGTest)  Time elapsed: 0.009 sec  <<< FAILURE!
java.lang.AssertionError: The test case is a prototype.
	at org.testng.Assert.fail(Assert.java:94)
	at Test.ViajeTestNGTest.testSomeMethod(ViajeTestNGTest.java:37)

